  [1m[35m (0.3ms)[0m  [1m[34mSELECT pg_try_advisory_lock(8563501517354154210)[0m
  [1m[36mActiveRecord::SchemaMigration Pluck (0.8ms)[0m  [1m[34mSELECT "schema_migrations"."version" FROM "schema_migrations" ORDER BY "schema_migrations"."version" ASC[0m
Migrating to DeviseCreateUsers (20230606081823)
  [1m[36mTRANSACTION (1.1ms)[0m  [1m[35mBEGIN[0m
  [1m[35m (44.0ms)[0m  [1m[35mCREATE TABLE "users" ("id" bigserial primary key, "email" character varying DEFAULT '' NOT NULL, "encrypted_password" character varying DEFAULT '' NOT NULL, "reset_password_token" character varying, "reset_password_sent_at" timestamp(6), "remember_created_at" timestamp(6), "created_at" timestamp(6) NOT NULL, "updated_at" timestamp(6) NOT NULL)[0m
  [1m[36mTRANSACTION (3.0ms)[0m  [1m[31mROLLBACK[0m
  [1m[35m (0.4ms)[0m  [1m[34mSELECT pg_advisory_unlock(8563501517354154210)[0m
  [1m[36mActiveRecord::SchemaMigration Pluck (0.7ms)[0m  [1m[34mSELECT "schema_migrations"."version" FROM "schema_migrations" ORDER BY "schema_migrations"."version" ASC[0m
  [1m[36mActiveRecord::SchemaMigration Pluck (2.5ms)[0m  [1m[34mSELECT "schema_migrations"."version" FROM "schema_migrations" ORDER BY "schema_migrations"."version" ASC[0m
  [1m[36mActiveRecord::SchemaMigration Pluck (0.2ms)[0m  [1m[34mSELECT "schema_migrations"."version" FROM "schema_migrations" ORDER BY "schema_migrations"."version" ASC[0m
  [1m[36mActiveRecord::SchemaMigration Pluck (1.5ms)[0m  [1m[34mSELECT "schema_migrations"."version" FROM "schema_migrations" ORDER BY "schema_migrations"."version" ASC[0m
  [1m[36mActiveRecord::InternalMetadata Pluck (1.1ms)[0m  [1m[34mSELECT "ar_internal_metadata"."value" FROM "ar_internal_metadata" WHERE "ar_internal_metadata"."key" = $1 LIMIT $2[0m  [["key", "environment"], ["LIMIT", 1]]
  [1m[36mActiveRecord::SchemaMigration Pluck (0.2ms)[0m  [1m[34mSELECT "schema_migrations"."version" FROM "schema_migrations" ORDER BY "schema_migrations"."version" ASC[0m
  [1m[36mActiveRecord::InternalMetadata Pluck (0.2ms)[0m  [1m[34mSELECT "ar_internal_metadata"."value" FROM "ar_internal_metadata" WHERE "ar_internal_metadata"."key" = $1 LIMIT $2[0m  [["key", "environment"], ["LIMIT", 1]]
  [1m[36mActiveRecord::SchemaMigration Pluck (0.2ms)[0m  [1m[34mSELECT "schema_migrations"."version" FROM "schema_migrations" ORDER BY "schema_migrations"."version" ASC[0m
  [1m[36mActiveRecord::InternalMetadata Pluck (0.2ms)[0m  [1m[34mSELECT "ar_internal_metadata"."value" FROM "ar_internal_metadata" WHERE "ar_internal_metadata"."key" = $1 LIMIT $2[0m  [["key", "environment"], ["LIMIT", 1]]
  [1m[35m (59.1ms)[0m  [1m[35mDROP DATABASE IF EXISTS "dwish_development"[0m
  [1m[35m (52.8ms)[0m  [1m[35mDROP DATABASE IF EXISTS "dwish_test"[0m
  [1m[35m (250.0ms)[0m  [1m[35mCREATE DATABASE "dwish_development" ENCODING = 'unicode'[0m
  [1m[35m (185.0ms)[0m  [1m[35mCREATE DATABASE "dwish_test" ENCODING = 'unicode'[0m
  [1m[35m (9.0ms)[0m  [1m[35mCREATE TABLE "schema_migrations" ("version" character varying NOT NULL PRIMARY KEY)[0m
  [1m[35m (3.4ms)[0m  [1m[35mCREATE TABLE "ar_internal_metadata" ("key" character varying NOT NULL PRIMARY KEY, "value" character varying, "created_at" timestamp(6) NOT NULL, "updated_at" timestamp(6) NOT NULL)[0m
  [1m[35m (0.3ms)[0m  [1m[34mSELECT pg_try_advisory_lock(8563501517354154210)[0m
  [1m[36mActiveRecord::SchemaMigration Pluck (1.1ms)[0m  [1m[34mSELECT "schema_migrations"."version" FROM "schema_migrations" ORDER BY "schema_migrations"."version" ASC[0m
Migrating to DeviseCreateUsers (20230606081823)
  [1m[36mTRANSACTION (0.8ms)[0m  [1m[35mBEGIN[0m
  [1m[35m (14.0ms)[0m  [1m[35mCREATE TABLE "users" ("id" bigserial primary key, "email" character varying DEFAULT '' NOT NULL, "encrypted_password" character varying DEFAULT '' NOT NULL, "reset_password_token" character varying, "reset_password_sent_at" timestamp(6), "remember_created_at" timestamp(6), "created_at" timestamp(6) NOT NULL, "updated_at" timestamp(6) NOT NULL)[0m
  [1m[35m (1.8ms)[0m  [1m[35mCREATE UNIQUE INDEX "index_users_on_email" ON "users" ("email")[0m
  [1m[35m (3.6ms)[0m  [1m[35mCREATE UNIQUE INDEX "index_users_on_reset_password_token" ON "users" ("reset_password_token")[0m
  [1m[36mActiveRecord::SchemaMigration Create (1.3ms)[0m  [1m[32mINSERT INTO "schema_migrations" ("version") VALUES ($1) RETURNING "version"[0m  [["version", "20230606081823"]]
  [1m[36mTRANSACTION (2.5ms)[0m  [1m[35mCOMMIT[0m
  [1m[36mActiveRecord::InternalMetadata Load (0.4ms)[0m  [1m[34mSELECT "ar_internal_metadata".* FROM "ar_internal_metadata" WHERE "ar_internal_metadata"."key" = $1 LIMIT $2[0m  [["key", "environment"], ["LIMIT", 1]]
  [1m[36mTRANSACTION (0.4ms)[0m  [1m[35mBEGIN[0m
  [1m[36mActiveRecord::InternalMetadata Create (2.9ms)[0m  [1m[32mINSERT INTO "ar_internal_metadata" ("key", "value", "created_at", "updated_at") VALUES ($1, $2, $3, $4) RETURNING "key"[0m  [["key", "environment"], ["value", "development"], ["created_at", "2023-06-06 08:19:44.781582"], ["updated_at", "2023-06-06 08:19:44.781582"]]
  [1m[36mTRANSACTION (0.4ms)[0m  [1m[35mCOMMIT[0m
  [1m[35m (0.3ms)[0m  [1m[34mSELECT pg_advisory_unlock(8563501517354154210)[0m
  [1m[36mActiveRecord::SchemaMigration Pluck (1.1ms)[0m  [1m[34mSELECT "schema_migrations"."version" FROM "schema_migrations" ORDER BY "schema_migrations"."version" ASC[0m
Started GET "/" for 127.0.0.1 at 2023-06-06 10:20:01 +0200
  [1m[36mActiveRecord::SchemaMigration Pluck (2.4ms)[0m  [1m[34mSELECT "schema_migrations"."version" FROM "schema_migrations" ORDER BY "schema_migrations"."version" ASC[0m
  
ActionController::RoutingError (uninitialized constant HomeController):
  
Started GET "/" for 127.0.0.1 at 2023-06-06 10:21:14 +0200
  
ArgumentError (Invalid route name, already in use: 'new_user_session' 
You may have defined two routes with the same name using the `:as` option, or you may be overriding a route already defined by a resource with the same naming. For the latter, you can restrict the routes created with `resources` as explained here: 
https://guides.rubyonrails.org/routing.html#restricting-the-routes-created):
  
config/routes.rb:4:in `block in <main>'
config/routes.rb:1:in `<main>'
Started GET "/user" for 127.0.0.1 at 2023-06-06 10:21:18 +0200
  
ActionController::RoutingError (No route matches [GET] "/user"):
  
Started GET "/users" for 127.0.0.1 at 2023-06-06 10:21:18 +0200
  
ActionController::RoutingError (No route matches [GET] "/users"):
  
Started GET "/user" for 127.0.0.1 at 2023-06-06 10:21:24 +0200
  
ActionController::RoutingError (No route matches [GET] "/user"):
  
Started GET "/signup" for 127.0.0.1 at 2023-06-06 10:21:26 +0200
  
ActionController::RoutingError (No route matches [GET] "/signup"):
  
Started GET "/signin" for 127.0.0.1 at 2023-06-06 10:21:28 +0200
  
ActionController::RoutingError (No route matches [GET] "/signin"):
  
Started GET "/signup" for 127.0.0.1 at 2023-06-06 10:21:32 +0200
  
ActionController::RoutingError (No route matches [GET] "/signup"):
  
Started GET "/sign_in" for 127.0.0.1 at 2023-06-06 10:21:34 +0200
  
ActionController::RoutingError (No route matches [GET] "/sign_in"):
  
Started GET "/signup" for 127.0.0.1 at 2023-06-06 10:21:56 +0200
  
ActionController::RoutingError (No route matches [GET] "/signup"):
  
Started GET "/users/sign_in" for 127.0.0.1 at 2023-06-06 10:21:57 +0200
Processing by Devise::SessionsController#new as HTML
  Rendering layout layouts/application.html.erb
  Rendering devise/sessions/new.html.erb within layouts/application
  Rendered devise/shared/_links.html.erb (Duration: 1.8ms | Allocations: 939)
  Rendered devise/sessions/new.html.erb within layouts/application (Duration: 27.0ms | Allocations: 5378)
  Rendered layout layouts/application.html.erb (Duration: 640.0ms | Allocations: 73956)
Completed 200 OK in 705ms (Views: 644.1ms | ActiveRecord: 7.3ms | Allocations: 99299)


Started POST "/users/sign_in" for 127.0.0.1 at 2023-06-06 10:22:22 +0200
Processing by Devise::SessionsController#create as HTML
  Parameters: {"authenticity_token"=>"[FILTERED]", "user"=>{"email"=>"diagneelzo@gotmail.fr", "password"=>"[FILTERED]", "remember_me"=>"0"}, "commit"=>"Log in"}
Completed 401 Unauthorized in 2ms (ActiveRecord: 0.0ms | Allocations: 565)


Processing by Devise::SessionsController#new as HTML
  Parameters: {"authenticity_token"=>"[FILTERED]", "user"=>{"email"=>"diagneelzo@gotmail.fr", "password"=>"[FILTERED]", "remember_me"=>"0"}, "commit"=>"Log in"}
  Rendering layout layouts/application.html.erb
  Rendering devise/sessions/new.html.erb within layouts/application
  Rendered devise/shared/_links.html.erb (Duration: 0.4ms | Allocations: 138)
  Rendered devise/sessions/new.html.erb within layouts/application (Duration: 6.2ms | Allocations: 1234)
  Rendered layout layouts/application.html.erb (Duration: 15.9ms | Allocations: 3199)
Completed 200 OK in 49ms (Views: 24.3ms | ActiveRecord: 0.0ms | Allocations: 3785)


Started POST "/users/sign_in" for 127.0.0.1 at 2023-06-06 10:22:29 +0200
Processing by Devise::SessionsController#create as HTML
  Parameters: {"authenticity_token"=>"[FILTERED]", "user"=>{"email"=>"diagneelzo@gotmail.fr", "password"=>"[FILTERED]", "remember_me"=>"0"}, "commit"=>"Log in"}
  [1m[36mUser Load (11.3ms)[0m  [1m[34mSELECT "users".* FROM "users" WHERE "users"."email" = $1 ORDER BY "users"."id" ASC LIMIT $2[0m  [["email", "diagneelzo@gotmail.fr"], ["LIMIT", 1]]
Completed 401 Unauthorized in 37ms (ActiveRecord: 11.8ms | Allocations: 5639)


Processing by Devise::SessionsController#new as HTML
  Parameters: {"authenticity_token"=>"[FILTERED]", "user"=>{"email"=>"diagneelzo@gotmail.fr", "password"=>"[FILTERED]", "remember_me"=>"0"}, "commit"=>"Log in"}
  Rendering layout layouts/application.html.erb
  Rendering devise/sessions/new.html.erb within layouts/application
  Rendered devise/shared/_links.html.erb (Duration: 0.2ms | Allocations: 138)
  Rendered devise/sessions/new.html.erb within layouts/application (Duration: 1.9ms | Allocations: 1226)
  Rendered layout layouts/application.html.erb (Duration: 5.1ms | Allocations: 3185)
Completed 200 OK in 280ms (Views: 5.7ms | ActiveRecord: 0.0ms | Allocations: 5165)


Started GET "/users/sign_up" for 127.0.0.1 at 2023-06-06 10:22:32 +0200
Processing by Devise::RegistrationsController#new as HTML
  Rendering layout layouts/application.html.erb
  Rendering devise/registrations/new.html.erb within layouts/application
  Rendered devise/shared/_error_messages.html.erb (Duration: 2.5ms | Allocations: 255)
  Rendered devise/shared/_links.html.erb (Duration: 4.7ms | Allocations: 251)
  Rendered devise/registrations/new.html.erb within layouts/application (Duration: 15.3ms | Allocations: 2344)
  Rendered layout layouts/application.html.erb (Duration: 20.3ms | Allocations: 4378)
Completed 200 OK in 36ms (Views: 35.0ms | ActiveRecord: 0.0ms | Allocations: 5715)


Started GET "/users/sign_in" for 127.0.0.1 at 2023-06-06 10:22:35 +0200
Processing by Devise::SessionsController#new as HTML
  Rendering layout layouts/application.html.erb
  Rendering devise/sessions/new.html.erb within layouts/application
  Rendered devise/shared/_links.html.erb (Duration: 0.3ms | Allocations: 138)
  Rendered devise/sessions/new.html.erb within layouts/application (Duration: 3.3ms | Allocations: 1233)
  Rendered layout layouts/application.html.erb (Duration: 8.5ms | Allocations: 3201)
Completed 200 OK in 15ms (Views: 13.3ms | ActiveRecord: 0.0ms | Allocations: 3932)


Started GET "/users/sign_up" for 127.0.0.1 at 2023-06-06 10:25:40 +0200
Processing by Devise::RegistrationsController#new as HTML
  Rendering layout layouts/application.html.erb
  Rendering devise/registrations/new.html.erb within layouts/application
  Rendered devise/shared/_error_messages.html.erb (Duration: 0.1ms | Allocations: 14)
  Rendered devise/shared/_links.html.erb (Duration: 0.3ms | Allocations: 82)
  Rendered devise/registrations/new.html.erb within layouts/application (Duration: 5.9ms | Allocations: 1207)
  Rendered layout layouts/application.html.erb (Duration: 14.9ms | Allocations: 3183)
Completed 200 OK in 17ms (Views: 16.1ms | ActiveRecord: 0.0ms | Allocations: 3850)


Started GET "/users/sign_in" for 127.0.0.1 at 2023-06-06 10:25:43 +0200
Processing by Devise::SessionsController#new as HTML
  Rendering layout layouts/application.html.erb
  Rendering devise/sessions/new.html.erb within layouts/application
  Rendered devise/shared/_links.html.erb (Duration: 0.3ms | Allocations: 138)
  Rendered devise/sessions/new.html.erb within layouts/application (Duration: 2.1ms | Allocations: 1233)
  Rendered layout layouts/application.html.erb (Duration: 6.1ms | Allocations: 3201)
Completed 200 OK in 9ms (Views: 7.2ms | ActiveRecord: 0.0ms | Allocations: 3931)


Started GET "/users/sign_in" for 127.0.0.1 at 2023-06-06 10:34:48 +0200
Processing by Devise::SessionsController#new as HTML
  Rendering layout layouts/application.html.erb
  Rendering devise/sessions/new.html.erb within layouts/application
  Rendered devise/shared/_links.html.erb (Duration: 0.5ms | Allocations: 138)
  Rendered devise/sessions/new.html.erb within layouts/application (Duration: 3.8ms | Allocations: 1233)
  Rendered layout layouts/application.html.erb (Duration: 39.5ms | Allocations: 8362)
Completed 200 OK in 42ms (Views: 40.8ms | Allocations: 9096)


Started GET "/users/sign_in" for 127.0.0.1 at 2023-06-06 10:34:53 +0200
Processing by Devise::SessionsController#new as HTML
  Rendering layout layouts/application.html.erb
  Rendering devise/sessions/new.html.erb within layouts/application
  Rendered devise/shared/_links.html.erb (Duration: 0.3ms | Allocations: 138)
  Rendered devise/sessions/new.html.erb within layouts/application (Duration: 8.5ms | Allocations: 1234)
  Rendered layout layouts/application.html.erb (Duration: 13.4ms | Allocations: 3263)
Completed 200 OK in 16ms (Views: 14.7ms | Allocations: 3991)


Started GET "/users/sign_in" for 127.0.0.1 at 2023-06-06 10:35:15 +0200
Processing by Devise::SessionsController#new as HTML
  Rendering layout layouts/application.html.erb
  Rendering devise/sessions/new.html.erb within layouts/application
  Rendered devise/shared/_links.html.erb (Duration: 0.4ms | Allocations: 138)
  Rendered devise/sessions/new.html.erb within layouts/application (Duration: 3.4ms | Allocations: 1233)
  Rendered layout layouts/application.html.erb (Duration: 13.3ms | Allocations: 3262)
Completed 200 OK in 15ms (Views: 14.1ms | Allocations: 3984)


Started GET "/users/sign_in" for 127.0.0.1 at 2023-06-06 10:35:32 +0200
Processing by Devise::SessionsController#new as HTML
  Rendering layout layouts/application.html.erb
  Rendering devise/sessions/new.html.erb within layouts/application
  Rendered devise/shared/_links.html.erb (Duration: 0.3ms | Allocations: 138)
  Rendered devise/sessions/new.html.erb within layouts/application (Duration: 4.9ms | Allocations: 1233)
  Rendered layout layouts/application.html.erb (Duration: 41.6ms | Allocations: 6894)
Completed 200 OK in 45ms (Views: 44.0ms | Allocations: 7624)


Started GET "/users/sign_in" for 127.0.0.1 at 2023-06-06 10:38:02 +0200
Processing by Devise::SessionsController#new as HTML
  Rendering layout layouts/application.html.erb
  Rendering devise/sessions/new.html.erb within layouts/application
  Rendered devise/shared/_links.html.erb (Duration: 0.9ms | Allocations: 138)
  Rendered devise/sessions/new.html.erb within layouts/application (Duration: 7.5ms | Allocations: 1233)
  Rendered layout layouts/application.html.erb (Duration: 57.7ms | Allocations: 7486)
Completed 200 OK in 66ms (Views: 59.8ms | Allocations: 8226)


Started GET "/users/sign_in" for 127.0.0.1 at 2023-06-06 10:39:34 +0200
Processing by Devise::SessionsController#new as HTML
  Rendering layout layouts/application.html.erb
  Rendering devise/sessions/new.html.erb within layouts/application
  Rendered devise/shared/_links.html.erb (Duration: 4.2ms | Allocations: 138)
  Rendered devise/sessions/new.html.erb within layouts/application (Duration: 5.9ms | Allocations: 1233)
  Rendered layout layouts/application.html.erb (Duration: 94.6ms | Allocations: 7383)
Completed 200 OK in 97ms (Views: 95.3ms | Allocations: 8111)


Started POST "/users/sign_in" for 127.0.0.1 at 2023-06-06 10:39:40 +0200
Processing by Devise::SessionsController#create as HTML
  Parameters: {"authenticity_token"=>"[FILTERED]", "user"=>{"email"=>"", "password"=>"[FILTERED]", "remember_me"=>"0"}, "commit"=>"Log in"}
Completed 401 Unauthorized in 5ms (Allocations: 490)


Processing by Devise::SessionsController#new as HTML
  Parameters: {"authenticity_token"=>"[FILTERED]", "user"=>{"email"=>"", "password"=>"[FILTERED]", "remember_me"=>"0"}, "commit"=>"Log in"}
  Rendering layout layouts/application.html.erb
  Rendering devise/sessions/new.html.erb within layouts/application
  Rendered devise/shared/_links.html.erb (Duration: 0.3ms | Allocations: 138)
  Rendered devise/sessions/new.html.erb within layouts/application (Duration: 3.2ms | Allocations: 1225)
  Rendered layout layouts/application.html.erb (Duration: 11.6ms | Allocations: 3247)
Completed 200 OK in 360ms (Views: 12.3ms | Allocations: 3805)


